app/build/intermediates/manifest_merge_blame_file/debug/manifest-merger-blame-debug-report.txt
1<?xml version="1.0" encoding="utf-8"?>
2<manifest xmlns:android="http://schemas.android.com/apk/res/android"
3    package="com.translator.webview"
4    android:versionCode="4"
5    android:versionName="3.0" >
6
7    <uses-sdk
8        android:minSdkVersion="26"
9        android:targetSdkVersion="34" />
10
11    <uses-permission android:name="android.permission.INTERNET" />
11-->src/main/AndroidManifest.xml:4:5-67
11-->src/main/AndroidManifest.xml:4:22-64
12    <uses-permission android:name="android.permission.ACCESS_NETWORK_STATE" />
12-->src/main/AndroidManifest.xml:5:5-79
12-->src/main/AndroidManifest.xml:5:22-76
13    <uses-permission android:name="android.permission.SYSTEM_ALERT_WINDOW" />
13-->src/main/AndroidManifest.xml:6:5-78
13-->src/main/AndroidManifest.xml:6:22-75
14    <uses-permission android:name="android.permission.FOREGROUND_SERVICE" />
14-->src/main/AndroidManifest.xml:7:5-77
14-->src/main/AndroidManifest.xml:7:22-74
15    <uses-permission android:name="android.permission.FOREGROUND_SERVICE_SPECIAL_USE" />
15-->src/main/AndroidManifest.xml:8:5-89
15-->src/main/AndroidManifest.xml:8:22-86
16    <uses-permission android:name="android.permission.POST_NOTIFICATIONS" />
16-->src/main/AndroidManifest.xml:9:5-77
16-->src/main/AndroidManifest.xml:9:22-74
17
18    <permission
18-->[androidx.core:core:1.12.0] AndroidManifest.xml:22:5-24:47
19        android:name="com.translator.webview.DYNAMIC_RECEIVER_NOT_EXPORTED_PERMISSION"
19-->[androidx.core:core:1.12.0] AndroidManifest.xml:23:9-81
20        android:protectionLevel="signature" />
20-->[androidx.core:core:1.12.0] AndroidManifest.xml:24:9-44
21
22    <uses-permission android:name="com.translator.webview.DYNAMIC_RECEIVER_NOT_EXPORTED_PERMISSION" />
22-->[androidx.core:core:1.12.0] AndroidManifest.xml:26:5-97
22-->[androidx.core:core:1.12.0] AndroidManifest.xml:26:22-94
23
24    <application
24-->src/main/AndroidManifest.xml:11:5-92:19
25        android:name="com.translator.webview.TranslatorApp"
25-->src/main/AndroidManifest.xml:12:9-38
26        android:allowBackup="true"
26-->src/main/AndroidManifest.xml:13:9-35
27        android:appComponentFactory="androidx.core.app.CoreComponentFactory"
27-->[androidx.core:core:1.12.0] AndroidManifest.xml:28:18-86
28        android:debuggable="true"
29        android:extractNativeLibs="false"
30        android:hardwareAccelerated="true"
30-->src/main/AndroidManifest.xml:19:9-43
31        android:icon="@mipmap/ic_launcher"
31-->src/main/AndroidManifest.xml:14:9-43
32        android:label="@string/app_name"
32-->src/main/AndroidManifest.xml:16:9-41
33        android:networkSecurityConfig="@xml/network_security_config"
33-->src/main/AndroidManifest.xml:21:9-69
34        android:roundIcon="@mipmap/ic_launcher_round"
34-->src/main/AndroidManifest.xml:15:9-54
35        android:supportsRtl="true"
35-->src/main/AndroidManifest.xml:17:9-35
36        android:theme="@style/Theme.YomuAI"
36-->src/main/AndroidManifest.xml:18:9-44
37        android:usesCleartextTraffic="true" >
37-->src/main/AndroidManifest.xml:20:9-44
38
39        <!-- ── Splash (launcher) ──────────────────────────────────────────── -->
40        <activity
40-->src/main/AndroidManifest.xml:24:9-34:20
41            android:name="com.translator.webview.SplashActivity"
41-->src/main/AndroidManifest.xml:25:13-43
42            android:configChanges="locale|layoutDirection"
42-->src/main/AndroidManifest.xml:28:13-59
43            android:exported="true"
43-->src/main/AndroidManifest.xml:26:13-36
44            android:screenOrientation="portrait"
44-->src/main/AndroidManifest.xml:29:13-49
45            android:theme="@style/Theme.YomuAI.Splash" >
45-->src/main/AndroidManifest.xml:27:13-55
46            <intent-filter>
46-->src/main/AndroidManifest.xml:30:13-33:29
47                <action android:name="android.intent.action.MAIN" />
47-->src/main/AndroidManifest.xml:31:17-69
47-->src/main/AndroidManifest.xml:31:25-66
48
49                <category android:name="android.intent.category.LAUNCHER" />
49-->src/main/AndroidManifest.xml:32:17-77
49-->src/main/AndroidManifest.xml:32:27-74
50            </intent-filter>
51        </activity>
52
53        <!-- ── Onboarding ─────────────────────────────────────────────────── -->
54        <activity
54-->src/main/AndroidManifest.xml:37:9-41:52
55            android:name="com.translator.webview.OnboardingActivity"
55-->src/main/AndroidManifest.xml:38:13-47
56            android:configChanges="locale|layoutDirection"
56-->src/main/AndroidManifest.xml:40:13-59
57            android:exported="false"
57-->src/main/AndroidManifest.xml:39:13-37
58            android:screenOrientation="portrait" />
58-->src/main/AndroidManifest.xml:41:13-49
59
60        <!-- ── Main ───────────────────────────────────────────────────────── -->
61        <activity
61-->src/main/AndroidManifest.xml:44:9-48:58
62            android:name="com.translator.webview.MainActivity"
62-->src/main/AndroidManifest.xml:45:13-41
63            android:configChanges="orientation|screenSize|keyboardHidden|locale|layoutDirection"
63-->src/main/AndroidManifest.xml:47:13-97
64            android:exported="false"
64-->src/main/AndroidManifest.xml:46:13-37
65            android:windowSoftInputMode="adjustResize" />
65-->src/main/AndroidManifest.xml:48:13-55
66
67        <!-- ── Manga Browse (Grid Catalog) ───────────────────────────────── -->
68        <activity
68-->src/main/AndroidManifest.xml:51:9-55:58
69            android:name="com.translator.webview.MangaBrowseActivity"
69-->src/main/AndroidManifest.xml:52:13-48
70            android:exported="false"
70-->src/main/AndroidManifest.xml:53:13-37
71            android:label="Browse Manga"
71-->src/main/AndroidManifest.xml:54:13-41
72            android:parentActivityName="com.translator.webview.MainActivity" />
72-->src/main/AndroidManifest.xml:55:13-55
73
74        <!-- ── Downloader ─────────────────────────────────────────────────── -->
75        <activity
75-->src/main/AndroidManifest.xml:58:9-62:58
76            android:name="com.translator.webview.DownloaderActivity"
76-->src/main/AndroidManifest.xml:59:13-47
77            android:exported="false"
77-->src/main/AndroidManifest.xml:60:13-37
78            android:label="@string/downloader_title"
78-->src/main/AndroidManifest.xml:61:13-53
79            android:parentActivityName="com.translator.webview.MainActivity" />
79-->src/main/AndroidManifest.xml:62:13-55
80
81        <!-- ── Reader ─────────────────────────────────────────────────────── -->
82        <activity
82-->src/main/AndroidManifest.xml:65:9-70:58
83            android:name="com.translator.webview.ReaderActivity"
83-->src/main/AndroidManifest.xml:66:13-43
84            android:configChanges="orientation|screenSize"
84-->src/main/AndroidManifest.xml:69:13-59
85            android:exported="false"
85-->src/main/AndroidManifest.xml:67:13-37
86            android:label="@string/reader_title"
86-->src/main/AndroidManifest.xml:68:13-49
87            android:parentActivityName="com.translator.webview.MainActivity" />
87-->src/main/AndroidManifest.xml:70:13-55
88
89        <!-- ── About ──────────────────────────────────────────────────────── -->
90        <activity
90-->src/main/AndroidManifest.xml:73:9-77:58
91            android:name="com.translator.webview.AboutActivity"
91-->src/main/AndroidManifest.xml:74:13-42
92            android:exported="false"
92-->src/main/AndroidManifest.xml:75:13-37
93            android:label="@string/about_title"
93-->src/main/AndroidManifest.xml:76:13-48
94            android:parentActivityName="com.translator.webview.MainActivity" />
94-->src/main/AndroidManifest.xml:77:13-55
95
96        <service
96-->src/main/AndroidManifest.xml:79:9-86:19
97            android:name="com.translator.webview.TranslationService"
97-->src/main/AndroidManifest.xml:80:13-47
98            android:exported="false"
98-->src/main/AndroidManifest.xml:81:13-37
99            android:foregroundServiceType="specialUse" >
99-->src/main/AndroidManifest.xml:82:13-55
100            <property
100-->src/main/AndroidManifest.xml:83:13-85:55
101                android:name="android.app.PROPERTY_SPECIAL_USE_FGS_SUBTYPE"
101-->src/main/AndroidManifest.xml:84:17-76
102                android:value="Translation overlay" />
102-->src/main/AndroidManifest.xml:85:17-52
103        </service>
104
105        <meta-data
105-->src/main/AndroidManifest.xml:88:9-90:35
106            android:name="com.google.mlkit.vision.DEPENDENCIES"
106-->src/main/AndroidManifest.xml:89:13-64
107            android:value="ocr" />
107-->src/main/AndroidManifest.xml:90:13-32
108
109        <service
109-->[com.google.mlkit:translate:17.0.1] AndroidManifest.xml:11:9-17:19
110            android:name="com.google.mlkit.common.internal.MlKitComponentDiscoveryService"
110-->[com.google.mlkit:translate:17.0.1] AndroidManifest.xml:12:13-91
111            android:directBootAware="true"
111-->[com.google.mlkit:common:18.8.0] AndroidManifest.xml:17:13-43
112            android:exported="false" >
112-->[com.google.mlkit:translate:17.0.1] AndroidManifest.xml:13:13-37
113            <meta-data
113-->[com.google.mlkit:translate:17.0.1] AndroidManifest.xml:14:13-16:85
114                android:name="com.google.firebase.components:com.google.mlkit.nl.translate.NaturalLanguageTranslateRegistrar"
114-->[com.google.mlkit:translate:17.0.1] AndroidManifest.xml:15:17-126
115                android:value="com.google.firebase.components.ComponentRegistrar" />
115-->[com.google.mlkit:translate:17.0.1] AndroidManifest.xml:16:17-82
116            <meta-data
116-->[com.google.android.gms:play-services-mlkit-text-recognition-common:19.0.0] AndroidManifest.xml:12:13-14:85
117                android:name="com.google.firebase.components:com.google.mlkit.vision.text.internal.TextRegistrar"
117-->[com.google.android.gms:play-services-mlkit-text-recognition-common:19.0.0] AndroidManifest.xml:13:17-114
118                android:value="com.google.firebase.components.ComponentRegistrar" />
118-->[com.google.android.gms:play-services-mlkit-text-recognition-common:19.0.0] AndroidManifest.xml:14:17-82
119            <meta-data
119-->[com.google.mlkit:vision-common:17.3.0] AndroidManifest.xml:12:13-14:85
120                android:name="com.google.firebase.components:com.google.mlkit.vision.common.internal.VisionCommonRegistrar"
120-->[com.google.mlkit:vision-common:17.3.0] AndroidManifest.xml:13:17-124
121                android:value="com.google.firebase.components.ComponentRegistrar" />
121-->[com.google.mlkit:vision-common:17.3.0] AndroidManifest.xml:14:17-82
122            <meta-data
122-->[com.google.mlkit:common:18.8.0] AndroidManifest.xml:20:13-22:85
123                android:name="com.google.firebase.components:com.google.mlkit.common.internal.CommonComponentRegistrar"
123-->[com.google.mlkit:common:18.8.0] AndroidManifest.xml:21:17-120
124                android:value="com.google.firebase.components.ComponentRegistrar" />
124-->[com.google.mlkit:common:18.8.0] AndroidManifest.xml:22:17-82
125        </service>
126
127        <provider
127-->[androidx.emoji2:emoji2:1.2.0] AndroidManifest.xml:24:9-32:20
128            android:name="androidx.startup.InitializationProvider"
128-->[androidx.emoji2:emoji2:1.2.0] AndroidManifest.xml:25:13-67
129            android:authorities="com.translator.webview.androidx-startup"
129-->[androidx.emoji2:emoji2:1.2.0] AndroidManifest.xml:26:13-68
130            android:exported="false" >
130-->[androidx.emoji2:emoji2:1.2.0] AndroidManifest.xml:27:13-37
131            <meta-data
131-->[androidx.emoji2:emoji2:1.2.0] AndroidManifest.xml:29:13-31:52
132                android:name="androidx.emoji2.text.EmojiCompatInitializer"
132-->[androidx.emoji2:emoji2:1.2.0] AndroidManifest.xml:30:17-75
133                android:value="androidx.startup" />
133-->[androidx.emoji2:emoji2:1.2.0] AndroidManifest.xml:31:17-49
134            <meta-data
134-->[androidx.lifecycle:lifecycle-process:2.6.2] AndroidManifest.xml:29:13-31:52
135                android:name="androidx.lifecycle.ProcessLifecycleInitializer"
135-->[androidx.lifecycle:lifecycle-process:2.6.2] AndroidManifest.xml:30:17-78
136                android:value="androidx.startup" />
136-->[androidx.lifecycle:lifecycle-process:2.6.2] AndroidManifest.xml:31:17-49
137            <meta-data
137-->[androidx.profileinstaller:profileinstaller:1.3.1] AndroidManifest.xml:29:13-31:52
138                android:name="androidx.profileinstaller.ProfileInstallerInitializer"
138-->[androidx.profileinstaller:profileinstaller:1.3.1] AndroidManifest.xml:30:17-85
139                android:value="androidx.startup" />
139-->[androidx.profileinstaller:profileinstaller:1.3.1] AndroidManifest.xml:31:17-49
140        </provider>
141        <provider
141-->[com.google.mlkit:common:18.8.0] AndroidManifest.xml:9:9-13:38
142            android:name="com.google.mlkit.common.internal.MlKitInitProvider"
142-->[com.google.mlkit:common:18.8.0] AndroidManifest.xml:10:13-78
143            android:authorities="com.translator.webview.mlkitinitprovider"
143-->[com.google.mlkit:common:18.8.0] AndroidManifest.xml:11:13-69
144            android:exported="false"
144-->[com.google.mlkit:common:18.8.0] AndroidManifest.xml:12:13-37
145            android:initOrder="99" />
145-->[com.google.mlkit:common:18.8.0] AndroidManifest.xml:13:13-35
146
147        <activity
147-->[com.google.android.gms:play-services-base:18.1.0] AndroidManifest.xml:20:9-22:45
148            android:name="com.google.android.gms.common.api.GoogleApiActivity"
148-->[com.google.android.gms:play-services-base:18.1.0] AndroidManifest.xml:20:19-85
149            android:exported="false"
149-->[com.google.android.gms:play-services-base:18.1.0] AndroidManifest.xml:22:19-43
150            android:theme="@android:style/Theme.Translucent.NoTitleBar" />
150-->[com.google.android.gms:play-services-base:18.1.0] AndroidManifest.xml:21:19-78
151
152        <meta-data
152-->[com.google.android.gms:play-services-basement:18.1.0] AndroidManifest.xml:21:9-23:69
153            android:name="com.google.android.gms.version"
153-->[com.google.android.gms:play-services-basement:18.1.0] AndroidManifest.xml:22:13-58
154            android:value="@integer/google_play_services_version" />
154-->[com.google.android.gms:play-services-basement:18.1.0] AndroidManifest.xml:23:13-66
155
156        <service
156-->[com.google.android.datatransport:transport-backend-cct:2.3.3] AndroidManifest.xml:29:9-35:19
157            android:name="com.google.android.datatransport.runtime.backends.TransportBackendDiscovery"
157-->[com.google.android.datatransport:transport-backend-cct:2.3.3] AndroidManifest.xml:30:13-103
158            android:exported="false" >
158-->[com.google.android.datatransport:transport-backend-cct:2.3.3] AndroidManifest.xml:31:13-37
159            <meta-data
159-->[com.google.android.datatransport:transport-backend-cct:2.3.3] AndroidManifest.xml:32:13-34:39
160                android:name="backend:com.google.android.datatransport.cct.CctBackendFactory"
160-->[com.google.android.datatransport:transport-backend-cct:2.3.3] AndroidManifest.xml:33:17-94
161                android:value="cct" />
161-->[com.google.android.datatransport:transport-backend-cct:2.3.3] AndroidManifest.xml:34:17-36
162        </service>
163        <service
163-->[com.google.android.datatransport:transport-runtime:2.2.6] AndroidManifest.xml:26:9-30:19
164            android:name="com.google.android.datatransport.runtime.scheduling.jobscheduling.JobInfoSchedulerService"
164-->[com.google.android.datatransport:transport-runtime:2.2.6] AndroidManifest.xml:27:13-117
165            android:exported="false"
165-->[com.google.android.datatransport:transport-runtime:2.2.6] AndroidManifest.xml:28:13-37
166            android:permission="android.permission.BIND_JOB_SERVICE" >
166-->[com.google.android.datatransport:transport-runtime:2.2.6] AndroidManifest.xml:29:13-69
167        </service>
168
169        <receiver
169-->[com.google.android.datatransport:transport-runtime:2.2.6] AndroidManifest.xml:32:9-34:40
170            android:name="com.google.android.datatransport.runtime.scheduling.jobscheduling.AlarmManagerSchedulerBroadcastReceiver"
170-->[com.google.android.datatransport:transport-runtime:2.2.6] AndroidManifest.xml:33:13-132
171            android:exported="false" />
171-->[com.google.android.datatransport:transport-runtime:2.2.6] AndroidManifest.xml:34:13-37
172        <receiver
172-->[androidx.profileinstaller:profileinstaller:1.3.1] AndroidManifest.xml:34:9-52:20
173            android:name="androidx.profileinstaller.ProfileInstallReceiver"
173-->[androidx.profileinstaller:profileinstaller:1.3.1] AndroidManifest.xml:35:13-76
174            android:directBootAware="false"
174-->[androidx.profileinstaller:profileinstaller:1.3.1] AndroidManifest.xml:36:13-44
175            android:enabled="true"
175-->[androidx.profileinstaller:profileinstaller:1.3.1] AndroidManifest.xml:37:13-35
176            android:exported="true"
176-->[androidx.profileinstaller:profileinstaller:1.3.1] AndroidManifest.xml:38:13-36
177            android:permission="android.permission.DUMP" >
177-->[androidx.profileinstaller:profileinstaller:1.3.1] AndroidManifest.xml:39:13-57
178            <intent-filter>
178-->[androidx.profileinstaller:profileinstaller:1.3.1] AndroidManifest.xml:40:13-42:29
179                <action android:name="androidx.profileinstaller.action.INSTALL_PROFILE" />
179-->[androidx.profileinstaller:profileinstaller:1.3.1] AndroidManifest.xml:41:17-91
179-->[androidx.profileinstaller:profileinstaller:1.3.1] AndroidManifest.xml:41:25-88
180            </intent-filter>
181            <intent-filter>
181-->[androidx.profileinstaller:profileinstaller:1.3.1] AndroidManifest.xml:43:13-45:29
182                <action android:name="androidx.profileinstaller.action.SKIP_FILE" />
182-->[androidx.profileinstaller:profileinstaller:1.3.1] AndroidManifest.xml:44:17-85
182-->[androidx.profileinstaller:profileinstaller:1.3.1] AndroidManifest.xml:44:25-82
183            </intent-filter>
184            <intent-filter>
184-->[androidx.profileinstaller:profileinstaller:1.3.1] AndroidManifest.xml:46:13-48:29
185                <action android:name="androidx.profileinstaller.action.SAVE_PROFILE" />
185-->[androidx.profileinstaller:profileinstaller:1.3.1] AndroidManifest.xml:47:17-88
185-->[androidx.profileinstaller:profileinstaller:1.3.1] AndroidManifest.xml:47:25-85
186            </intent-filter>
187            <intent-filter>
187-->[androidx.profileinstaller:profileinstaller:1.3.1] AndroidManifest.xml:49:13-51:29
188                <action android:name="androidx.profileinstaller.action.BENCHMARK_OPERATION" />
188-->[androidx.profileinstaller:profileinstaller:1.3.1] AndroidManifest.xml:50:17-95
188-->[androidx.profileinstaller:profileinstaller:1.3.1] AndroidManifest.xml:50:25-92
189            </intent-filter>
190        </receiver>
191    </application>
192
193</manifest>